Determining if the pthread_create exist failed with the following output:
Change Dir: /home/egl/Documents/sc/C++/DependencyInjection/EasyInject/cmake-build-debug/CMakeFiles/CMakeTmp

Run Build Command(s):/usr/bin/make cmTC_bc4df/fast 
/usr/bin/make -f CMakeFiles/cmTC_bc4df.dir/build.make CMakeFiles/cmTC_bc4df.dir/build
make[1]: Entering directory '/home/egl/Documents/sc/C++/DependencyInjection/EasyInject/cmake-build-debug/CMakeFiles/CMakeTmp'
Building C object CMakeFiles/cmTC_bc4df.dir/CheckSymbolExists.c.o
/usr/bin/cc    -o CMakeFiles/cmTC_bc4df.dir/CheckSymbolExists.c.o   -c /home/egl/Documents/sc/C++/DependencyInjection/EasyInject/cmake-build-debug/CMakeFiles/CMakeTmp/CheckSymbolExists.c
Linking C executable cmTC_bc4df
/home/egl/.local/share/JetBrains/Toolbox/apps/CLion/ch-0/191.7479.33/bin/cmake/linux/bin/cmake -E cmake_link_script CMakeFiles/cmTC_bc4df.dir/link.txt --verbose=1
/usr/bin/cc      -rdynamic CMakeFiles/cmTC_bc4df.dir/CheckSymbolExists.c.o  -o cmTC_bc4df 
/usr/bin/ld: CMakeFiles/cmTC_bc4df.dir/CheckSymbolExists.c.o: in function `main':
CheckSymbolExists.c:(.text+0x1b): undefined reference to `pthread_create'
collect2: error: ld returned 1 exit status
make[1]: *** [CMakeFiles/cmTC_bc4df.dir/build.make:87: cmTC_bc4df] Error 1
make[1]: Leaving directory '/home/egl/Documents/sc/C++/DependencyInjection/EasyInject/cmake-build-debug/CMakeFiles/CMakeTmp'
make: *** [Makefile:121: cmTC_bc4df/fast] Error 2

File /home/egl/Documents/sc/C++/DependencyInjection/EasyInject/cmake-build-debug/CMakeFiles/CMakeTmp/CheckSymbolExists.c:
/* */
#include <pthread.h>

int main(int argc, char** argv)
{
  (void)argv;
#ifndef pthread_create
  return ((int*)(&pthread_create))[argc];
#else
  (void)argc;
  return 0;
#endif
}

Determining if the function pthread_create exists in the pthreads failed with the following output:
Change Dir: /home/egl/Documents/sc/C++/DependencyInjection/EasyInject/cmake-build-debug/CMakeFiles/CMakeTmp

Run Build Command(s):/usr/bin/make cmTC_369e6/fast 
/usr/bin/make -f CMakeFiles/cmTC_369e6.dir/build.make CMakeFiles/cmTC_369e6.dir/build
make[1]: Entering directory '/home/egl/Documents/sc/C++/DependencyInjection/EasyInject/cmake-build-debug/CMakeFiles/CMakeTmp'
Building C object CMakeFiles/cmTC_369e6.dir/CheckFunctionExists.c.o
/usr/bin/cc   -DCHECK_FUNCTION_EXISTS=pthread_create   -o CMakeFiles/cmTC_369e6.dir/CheckFunctionExists.c.o   -c /home/egl/.local/share/JetBrains/Toolbox/apps/CLion/ch-0/191.7479.33/bin/cmake/linux/share/cmake-3.14/Modules/CheckFunctionExists.c
Linking C executable cmTC_369e6
/home/egl/.local/share/JetBrains/Toolbox/apps/CLion/ch-0/191.7479.33/bin/cmake/linux/bin/cmake -E cmake_link_script CMakeFiles/cmTC_369e6.dir/link.txt --verbose=1
/usr/bin/cc  -DCHECK_FUNCTION_EXISTS=pthread_create    -rdynamic CMakeFiles/cmTC_369e6.dir/CheckFunctionExists.c.o  -o cmTC_369e6 -lpthreads 
/usr/bin/ld: cannot find -lpthreads
collect2: error: ld returned 1 exit status
make[1]: *** [CMakeFiles/cmTC_369e6.dir/build.make:87: cmTC_369e6] Error 1
make[1]: Leaving directory '/home/egl/Documents/sc/C++/DependencyInjection/EasyInject/cmake-build-debug/CMakeFiles/CMakeTmp'
make: *** [Makefile:121: cmTC_369e6/fast] Error 2


